{
  "uid" : "9ec50336c678a683",
  "name" : "test_add_first_department",
  "fullName" : "Test.Test_ ManagementCenter.test_department_manage.TestDepartmentManage#test_add_first_department",
  "historyId" : "510e7fab31deb8e8ca50759975f13e29",
  "time" : {
    "start" : 1610460629176,
    "stop" : 1610460629176,
    "duration" : 0
  },
  "status" : "broken",
  "statusMessage" : "selenium.common.exceptions.NoSuchElementException: Message: Unable to locate element: .//span[contains(text(),'管理员1')]",
  "statusTrace" : "self = <class 'test_department_manage.TestDepartmentManage'>\n\n    def setup_class(self):\n        self.url = \"http://10.194.188.76/homePage\"\n        self.driver = DriverUtils.get_driver(self.url)\n        self.mcpage = MCPage(self.driver)\n        self.loginpage = LoginPage(self.driver)\n>       self.loginpage.login_in('admin', '20202020', '', '管理员1')\n\nself       = <class 'test_department_manage.TestDepartmentManage'>\n\nTest\\Test_ ManagementCenter\\test_department_manage.py:19: \n_ _ _ _ _ _ _ _ _ _ _ _ _ _ _ _ _ _ _ _ _ _ _ _ _ _ _ _ _ _ _ _ _ _ _ _ _ _ _ _ _ _ _ _ _ _ _ _ _ _ _ _ _ _ _ _ _ _ _ _ _ _ _ _ _ _ _ _ _ _ _ _ _ _ _ _ _ _ _ _ _ _ _ _ _ _ _ _ _ _ _ _ _ _ _ _ _ _ _ _ _ _ _ _ _ _ _ _ _ _ _ _ _\npage\\login_page.py:33: in login_in\n    if self.find_ele(([By.XPATH, \".//span[contains(text(),'{}')]\".format(accoutName)])):\n        accoutName = '管理员1'\n        code       = ''\n        pwd        = '20202020'\n        self       = <page.login_page.LoginPage object at 0x000002624AEDCE48>\n        userName   = 'admin'\nbase\\base_page.py:21: in find_ele\n    return self.driver.find_element(loc[0], loc[1])\n        loc        = ['xpath', \".//span[contains(text(),'管理员1')]\"]\n        self       = <page.login_page.LoginPage object at 0x000002624AEDCE48>\nd:\\work\\tools3\\python\\python35\\lib\\site-packages\\selenium\\webdriver\\remote\\webdriver.py:978: in find_element\n    'value': value})['value']\n        by         = 'xpath'\n        self       = <selenium.webdriver.firefox.webdriver.WebDriver (session=\"5cc4b52a-ebf4-43ec-9a84-7d5cc21f0f49\")>\n        value      = \".//span[contains(text(),'管理员1')]\"\nd:\\work\\tools3\\python\\python35\\lib\\site-packages\\selenium\\webdriver\\remote\\webdriver.py:321: in execute\n    self.error_handler.check_response(response)\n        driver_command = 'findElement'\n        params     = {'using': 'xpath', 'value': \".//span[contains(text(),'管理员1')]\"}\n        response   = {'status': 404, 'value': '{\"value\":{\"error\":\"no such element\",\"message\":\"Unable to locate element: .//span[contains(te...ror@chrome://marionette/content/error.js:387:5\\\\nelement.find/</<@chrome://marionette/content/element.js:330:16\\\\n\"}}'}\n        self       = <selenium.webdriver.firefox.webdriver.WebDriver (session=\"5cc4b52a-ebf4-43ec-9a84-7d5cc21f0f49\")>\n_ _ _ _ _ _ _ _ _ _ _ _ _ _ _ _ _ _ _ _ _ _ _ _ _ _ _ _ _ _ _ _ _ _ _ _ _ _ _ _ _ _ _ _ _ _ _ _ _ _ _ _ _ _ _ _ _ _ _ _ _ _ _ _ _ _ _ _ _ _ _ _ _ _ _ _ _ _ _ _ _ _ _ _ _ _ _ _ _ _ _ _ _ _ _ _ _ _ _ _ _ _ _ _ _ _ _ _ _ _ _ _ _\n\nself = <selenium.webdriver.remote.errorhandler.ErrorHandler object at 0x000002624AEB1438>\nresponse = {'status': 404, 'value': '{\"value\":{\"error\":\"no such element\",\"message\":\"Unable to locate element: .//span[contains(te...ror@chrome://marionette/content/error.js:387:5\\\\nelement.find/</<@chrome://marionette/content/element.js:330:16\\\\n\"}}'}\n\n    def check_response(self, response):\n        \"\"\"\n        Checks that a JSON response from the WebDriver does not have an error.\n    \n        :Args:\n         - response - The JSON response from the WebDriver server as a dictionary\n           object.\n    \n        :Raises: If the response contains an error message.\n        \"\"\"\n        status = response.get('status', None)\n        if status is None or status == ErrorCode.SUCCESS:\n            return\n        value = None\n        message = response.get(\"message\", \"\")\n        screen = response.get(\"screen\", \"\")\n        stacktrace = None\n        if isinstance(status, int):\n            value_json = response.get('value', None)\n            if value_json and isinstance(value_json, basestring):\n                import json\n                try:\n                    value = json.loads(value_json)\n                    if len(value.keys()) == 1:\n                        value = value['value']\n                    status = value.get('error', None)\n                    if status is None:\n                        status = value[\"status\"]\n                        message = value[\"value\"]\n                        if not isinstance(message, basestring):\n                            value = message\n                            message = message.get('message')\n                    else:\n                        message = value.get('message', None)\n                except ValueError:\n                    pass\n    \n        exception_class = ErrorInResponseException\n        if status in ErrorCode.NO_SUCH_ELEMENT:\n            exception_class = NoSuchElementException\n        elif status in ErrorCode.NO_SUCH_FRAME:\n            exception_class = NoSuchFrameException\n        elif status in ErrorCode.NO_SUCH_WINDOW:\n            exception_class = NoSuchWindowException\n        elif status in ErrorCode.STALE_ELEMENT_REFERENCE:\n            exception_class = StaleElementReferenceException\n        elif status in ErrorCode.ELEMENT_NOT_VISIBLE:\n            exception_class = ElementNotVisibleException\n        elif status in ErrorCode.INVALID_ELEMENT_STATE:\n            exception_class = InvalidElementStateException\n        elif status in ErrorCode.INVALID_SELECTOR \\\n                or status in ErrorCode.INVALID_XPATH_SELECTOR \\\n                or status in ErrorCode.INVALID_XPATH_SELECTOR_RETURN_TYPER:\n            exception_class = InvalidSelectorException\n        elif status in ErrorCode.ELEMENT_IS_NOT_SELECTABLE:\n            exception_class = ElementNotSelectableException\n        elif status in ErrorCode.ELEMENT_NOT_INTERACTABLE:\n            exception_class = ElementNotInteractableException\n        elif status in ErrorCode.INVALID_COOKIE_DOMAIN:\n            exception_class = InvalidCookieDomainException\n        elif status in ErrorCode.UNABLE_TO_SET_COOKIE:\n            exception_class = UnableToSetCookieException\n        elif status in ErrorCode.TIMEOUT:\n            exception_class = TimeoutException\n        elif status in ErrorCode.SCRIPT_TIMEOUT:\n            exception_class = TimeoutException\n        elif status in ErrorCode.UNKNOWN_ERROR:\n            exception_class = WebDriverException\n        elif status in ErrorCode.UNEXPECTED_ALERT_OPEN:\n            exception_class = UnexpectedAlertPresentException\n        elif status in ErrorCode.NO_ALERT_OPEN:\n            exception_class = NoAlertPresentException\n        elif status in ErrorCode.IME_NOT_AVAILABLE:\n            exception_class = ImeNotAvailableException\n        elif status in ErrorCode.IME_ENGINE_ACTIVATION_FAILED:\n            exception_class = ImeActivationFailedException\n        elif status in ErrorCode.MOVE_TARGET_OUT_OF_BOUNDS:\n            exception_class = MoveTargetOutOfBoundsException\n        elif status in ErrorCode.JAVASCRIPT_ERROR:\n            exception_class = JavascriptException\n        elif status in ErrorCode.SESSION_NOT_CREATED:\n            exception_class = SessionNotCreatedException\n        elif status in ErrorCode.INVALID_ARGUMENT:\n            exception_class = InvalidArgumentException\n        elif status in ErrorCode.NO_SUCH_COOKIE:\n            exception_class = NoSuchCookieException\n        elif status in ErrorCode.UNABLE_TO_CAPTURE_SCREEN:\n            exception_class = ScreenshotException\n        elif status in ErrorCode.ELEMENT_CLICK_INTERCEPTED:\n            exception_class = ElementClickInterceptedException\n        elif status in ErrorCode.INSECURE_CERTIFICATE:\n            exception_class = InsecureCertificateException\n        elif status in ErrorCode.INVALID_COORDINATES:\n            exception_class = InvalidCoordinatesException\n        elif status in ErrorCode.INVALID_SESSION_ID:\n            exception_class = InvalidSessionIdException\n        elif status in ErrorCode.UNKNOWN_METHOD:\n            exception_class = UnknownMethodException\n        else:\n            exception_class = WebDriverException\n        if value == '' or value is None:\n            value = response['value']\n        if isinstance(value, basestring):\n            if exception_class == ErrorInResponseException:\n                raise exception_class(response, value)\n            raise exception_class(value)\n        if message == \"\" and 'message' in value:\n            message = value['message']\n    \n        screen = None\n        if 'screen' in value:\n            screen = value['screen']\n    \n        stacktrace = None\n        if 'stackTrace' in value and value['stackTrace']:\n            stacktrace = []\n            try:\n                for frame in value['stackTrace']:\n                    line = self._value_or_default(frame, 'lineNumber', '')\n                    file = self._value_or_default(frame, 'fileName', '<anonymous>')\n                    if line:\n                        file = \"%s:%s\" % (file, line)\n                    meth = self._value_or_default(frame, 'methodName', '<anonymous>')\n                    if 'className' in frame:\n                        meth = \"%s.%s\" % (frame['className'], meth)\n                    msg = \"    at %s (%s)\"\n                    msg = msg % (meth, file)\n                    stacktrace.append(msg)\n            except TypeError:\n                pass\n        if exception_class == ErrorInResponseException:\n            raise exception_class(response, message)\n        elif exception_class == UnexpectedAlertPresentException:\n            alert_text = None\n            if 'data' in value:\n                alert_text = value['data'].get('text')\n            elif 'alert' in value:\n                alert_text = value['alert'].get('text')\n            raise exception_class(message, screen, stacktrace, alert_text)\n>       raise exception_class(message, screen, stacktrace)\nE       selenium.common.exceptions.NoSuchElementException: Message: Unable to locate element: .//span[contains(text(),'管理员1')]\n\nexception_class = <class 'selenium.common.exceptions.NoSuchElementException'>\njson       = <module 'json' from 'd:\\\\work\\\\tools3\\\\python\\\\python35\\\\lib\\\\json\\\\__init__.py'>\nmessage    = \"Unable to locate element: .//span[contains(text(),'管理员1')]\"\nresponse   = {'status': 404, 'value': '{\"value\":{\"error\":\"no such element\",\"message\":\"Unable to locate element: .//span[contains(te...ror@chrome://marionette/content/error.js:387:5\\\\nelement.find/</<@chrome://marionette/content/element.js:330:16\\\\n\"}}'}\nscreen     = None\nself       = <selenium.webdriver.remote.errorhandler.ErrorHandler object at 0x000002624AEB1438>\nstacktrace = None\nstatus     = 'no such element'\nvalue      = {'error': 'no such element', 'message': \"Unable to locate element: .//span[contains(text(),'管理员1')]\", 'stacktrace': 'W...entError@chrome://marionette/content/error.js:387:5\\nelement.find/</<@chrome://marionette/content/element.js:330:16\\n'}\nvalue_json = '{\"value\":{\"error\":\"no such element\",\"message\":\"Unable to locate element: .//span[contains(text(),\\'管理员1\\')]\",\"stacktr...rror@chrome://marionette/content/error.js:387:5\\\\nelement.find/</<@chrome://marionette/content/element.js:330:16\\\\n\"}}'\n\nd:\\work\\tools3\\python\\python35\\lib\\site-packages\\selenium\\webdriver\\remote\\errorhandler.py:242: NoSuchElementException",
  "flaky" : true,
  "beforeStages" : [ {
    "name" : "_Class__pytest_setup_class",
    "time" : {
      "start" : 1610460629177,
      "stop" : 1610460652303,
      "duration" : 23126
    },
    "status" : "broken",
    "statusMessage" : "selenium.common.exceptions.NoSuchElementException: Message: Unable to locate element: .//span[contains(text(),'管理员1')]\n\n",
    "statusTrace" : "  File \"d:\\work\\tools3\\python\\python35\\lib\\site-packages\\pluggy\\callers.py\", line 187, in _multicall\n    res = hook_impl.function(*args)\n  File \"d:\\work\\tools3\\python\\python35\\lib\\site-packages\\_pytest\\fixtures.py\", line 1124, in pytest_fixture_setup\n    result = call_fixture_func(fixturefunc, request, kwargs)\n  File \"d:\\work\\tools3\\python\\python35\\lib\\site-packages\\_pytest\\fixtures.py\", line 921, in call_fixture_func\n    fixture_result = next(generator)\n  File \"d:\\work\\tools3\\python\\python35\\lib\\site-packages\\_pytest\\python.py\", line 799, in xunit_setup_class_fixture\n    _call_with_optional_argument(func, self.obj)\n  File \"d:\\work\\tools3\\python\\python35\\lib\\site-packages\\_pytest\\python.py\", line 732, in _call_with_optional_argument\n    func(arg)\n  File \"D:\\auto_test\\Autotest_Demo\\Test\\Test_ ManagementCenter\\test_department_manage.py\", line 19, in setup_class\n    self.loginpage.login_in('admin', '20202020', '', '管理员1')\n  File \"D:\\auto_test\\Autotest_Demo\\page\\login_page.py\", line 33, in login_in\n    if self.find_ele(([By.XPATH, \".//span[contains(text(),'{}')]\".format(accoutName)])):\n  File \"D:\\auto_test\\Autotest_Demo\\base\\base_page.py\", line 21, in find_ele\n    return self.driver.find_element(loc[0], loc[1])\n  File \"d:\\work\\tools3\\python\\python35\\lib\\site-packages\\selenium\\webdriver\\remote\\webdriver.py\", line 978, in find_element\n    'value': value})['value']\n  File \"d:\\work\\tools3\\python\\python35\\lib\\site-packages\\selenium\\webdriver\\remote\\webdriver.py\", line 321, in execute\n    self.error_handler.check_response(response)\n  File \"d:\\work\\tools3\\python\\python35\\lib\\site-packages\\selenium\\webdriver\\remote\\errorhandler.py\", line 242, in check_response\n    raise exception_class(message, screen, stacktrace)\n",
    "steps" : [ ],
    "attachments" : [ ],
    "parameters" : [ ],
    "shouldDisplayMessage" : true,
    "attachmentsCount" : 0,
    "stepsCount" : 0,
    "hasContent" : true
  } ],
  "afterStages" : [ ],
  "labels" : [ {
    "name" : "parentSuite",
    "value" : "Test.Test_ ManagementCenter"
  }, {
    "name" : "suite",
    "value" : "test_department_manage"
  }, {
    "name" : "subSuite",
    "value" : "TestDepartmentManage"
  }, {
    "name" : "host",
    "value" : "PC-20200805IJRU"
  }, {
    "name" : "thread",
    "value" : "1600-MainThread"
  }, {
    "name" : "framework",
    "value" : "pytest"
  }, {
    "name" : "language",
    "value" : "cpython3"
  }, {
    "name" : "package",
    "value" : "Test.Test_ ManagementCenter.test_department_manage"
  }, {
    "name" : "resultFormat",
    "value" : "allure2"
  } ],
  "parameters" : [ ],
  "links" : [ ],
  "hidden" : false,
  "retry" : false,
  "extra" : {
    "severity" : "normal",
    "retries" : [ {
      "uid" : "ceaf987afc68477b",
      "status" : "broken",
      "statusDetails" : "selenium.common.exceptions.NoSuchElementException: Message: Unable to locate element: .//span[contains(text(),'管理员1')]",
      "time" : {
        "start" : 1610460349631,
        "stop" : 1610460349631,
        "duration" : 0
      }
    }, {
      "uid" : "5cafa184436ef475",
      "status" : "broken",
      "statusDetails" : "selenium.common.exceptions.InvalidArgumentException: Message: expected value at line 1 column 11",
      "time" : {
        "start" : 1610458389667,
        "stop" : 1610458389667,
        "duration" : 0
      }
    }, {
      "uid" : "4efbba166dc476cc",
      "status" : "broken",
      "statusDetails" : "selenium.common.exceptions.NoSuchElementException: Message: Unable to locate element: .//span[contains(text(),'管理员1')]",
      "time" : {
        "start" : 1610457749915,
        "stop" : 1610457749915,
        "duration" : 0
      }
    } ],
    "categories" : [ {
      "name" : "Test defects",
      "matchedStatuses" : [ ],
      "flaky" : false
    } ],
    "tags" : [ ]
  },
  "source" : "9ec50336c678a683.json",
  "parameterValues" : [ ]
}